[22:01:11] [ServerMain/INFO]: Environment: Environment[sessionHost=https://sessionserver.mojang.com, servicesHost=https://api.minecraftservices.com, profilesHost=https://api.mojang.com, name=PROD]
[22:01:13] [ServerMain/INFO]: No existing world data, creating new world
[22:01:14] [ServerMain/INFO]: Loaded 1470 recipes
[22:01:14] [ServerMain/INFO]: Loaded 1584 advancements
[22:01:15] [Server thread/INFO]: Starting minecraft server version 1.21.11
[22:01:15] [Server thread/INFO]: Loading properties
[22:01:15] [Server thread/INFO]: Default game type: SURVIVAL
[22:01:15] [Server thread/INFO]: Generating keypair
[22:01:15] [Server thread/INFO]: Starting Minecraft server on *:25565
[22:01:15] [Server thread/WARN]: **** SERVER IS RUNNING IN OFFLINE/INSECURE MODE!
[22:01:15] [Server thread/WARN]: The server will make no attempt to authenticate usernames. Beware.
[22:01:15] [Server thread/WARN]: While this makes the game possible to play without internet access, it also opens up the ability for hackers to connect with any username they choose.
[22:01:15] [Server thread/WARN]: To change this, set "online-mode" to "true" in the server.properties file.
[22:01:15] [Server thread/INFO]: Preparing level "world"
[22:01:16] [Server thread/INFO]: Selecting global world spawn...
[22:01:28] [Server thread/INFO]: Loading 0 persistent chunks...
[22:01:28] [Server thread/INFO]: Preparing spawn area: 100%
[22:01:28] [Server thread/INFO]: Time elapsed: 12238 ms
[22:01:28] [Server thread/INFO]: Done (12.748s)! For help, type "help"
[22:02:28] [Server thread/INFO]: Server empty for 60 seconds, pausing
[22:10:46] [Server thread/INFO]: Unknown or incomplete command. See below for error
[22:10:46] [Server thread/INFO]: xd<--[HERE]
[22:11:46] [Server thread/INFO]: iamcholo[/10.147.18.209:63881] logged in with entity id 15 at (-8.5, 80.0, -4.5)
[22:11:46] [Server thread/INFO]: iamcholo joined the game
[22:22:49] [Server thread/INFO]: Unknown or incomplete command. See below for error
[22:22:49] [Server thread/INFO]: stoststopstop<--[HERE]
[22:22:53] [Server thread/INFO]: Stopping the server
[22:22:53] [Server thread/INFO]: Stopping server
[22:22:53] [Server thread/INFO]: Saving players
[22:22:53] [Server thread/INFO]: iamcholo lost connection: Server closed
[22:22:53] [Server thread/INFO]: iamcholo left the game
[22:22:53] [Server thread/INFO]: Saving worlds
[22:22:54] [Server thread/INFO]: Saving chunks for level 'ServerLevel[world]'/minecraft:overworld
[22:22:57] [Server thread/INFO]: Saving chunks for level 'ServerLevel[world]'/minecraft:the_nether
[22:22:57] [Server thread/INFO]: Saving chunks for level 'ServerLevel[world]'/minecraft:the_end
[22:22:57] [Server thread/INFO]: ThreadedAnvilChunkStorage (world): All chunks are saved
[22:22:57] [Server thread/INFO]: ThreadedAnvilChunkStorage (DIM-1): All chunks are saved
[22:22:57] [Server thread/INFO]: ThreadedAnvilChunkStorage (DIM1): All chunks are saved
[22:22:57] [Server thread/INFO]: ThreadedAnvilChunkStorage: All dimensions are saved
